app/build/intermediates/manifest_merge_blame_file/debug/manifest-merger-blame-debug-report.txt
1<?xml version="1.0" encoding="utf-8"?>
2<manifest xmlns:android="http://schemas.android.com/apk/res/android"
3    package="com.example.asr_tts_demo"
4    android:versionCode="1"
5    android:versionName="1.0" >
6
7    <uses-sdk
8        android:minSdkVersion="21"
8-->src\main\AndroidManifest.xml
9        android:targetSdkVersion="21" />
9-->src\main\AndroidManifest.xml
10
11    <uses-permission android:name="android.permission.WRITE_EXTERNAL_STORAGE" />
11-->src\main\AndroidManifest.xml:9:5-81
11-->src\main\AndroidManifest.xml:9:22-78
12    <uses-permission android:name="android.permission.INTERNET" />
12-->src\main\AndroidManifest.xml:10:5-67
12-->src\main\AndroidManifest.xml:10:22-64
13    <uses-permission android:name="android.permission.ACCESS_NETWORK_STATE" />
13-->src\main\AndroidManifest.xml:11:5-79
13-->src\main\AndroidManifest.xml:11:22-76
14    <uses-permission android:name="android.permission.RECORD_AUDIO" />
14-->src\main\AndroidManifest.xml:12:5-71
14-->src\main\AndroidManifest.xml:12:22-68
15    <uses-permission android:name="android.permission.MODIFY_AUDIO_SETTINGS" />
15-->src\main\AndroidManifest.xml:13:5-80
15-->src\main\AndroidManifest.xml:13:22-77
16
17    <application
17-->src\main\AndroidManifest.xml:15:5-29:19
18        android:allowBackup="true"
18-->src\main\AndroidManifest.xml:16:9-35
19        android:debuggable="true"
20        android:icon="@drawable/ic_launcher"
20-->src\main\AndroidManifest.xml:17:9-45
21        android:label="@string/app_name"
21-->src\main\AndroidManifest.xml:18:9-41
22        android:theme="@style/AppTheme" >
22-->src\main\AndroidManifest.xml:19:9-40
23        <activity
23-->src\main\AndroidManifest.xml:20:9-28:20
24            android:name="com.example.asr_tts_demo.MainActivity"
24-->src\main\AndroidManifest.xml:21:13-41
25            android:label="@string/app_name" >
25-->src\main\AndroidManifest.xml:22:13-45
26            <intent-filter>
26-->src\main\AndroidManifest.xml:23:13-27:29
27                <action android:name="android.intent.action.MAIN" />
27-->src\main\AndroidManifest.xml:24:17-69
27-->src\main\AndroidManifest.xml:24:25-66
28
29                <category android:name="android.intent.category.LAUNCHER" />
29-->src\main\AndroidManifest.xml:26:17-77
29-->src\main\AndroidManifest.xml:26:27-74
30            </intent-filter>
31        </activity>
32    </application>
33
34</manifest>